<?xml version="1.0" encoding="UTF-8"?>
<testsuite xmlns:xsi="http://www.w3.org/2001/XMLSchema-instance" xsi:noNamespaceSchemaLocation="https://maven.apache.org/surefire/maven-surefire-plugin/xsd/surefire-test-report-3.0.xsd" version="3.0" name="com.bikroy.TestRunner.TestRunner" time="141.228" tests="13" errors="0" skipped="0" failures="2">
  <properties>
[...]
</properties>
  <testcase name="runScenario[&quot;Verify man fashion Category views&quot;, &quot;Optional[Verify User Login page fields.]&quot;](2)" classname="com.bikroy.TestRunner.TestRunner" time="1.332">
    <failure message="Cannot invoke &quot;String.equalsIgnoreCase(String)&quot; because &quot;browserName&quot; is null" type="java.lang.NullPointerException"><![CDATA[java.lang.NullPointerException: Cannot invoke "String.equalsIgnoreCase(String)" because "browserName" is null
]]></failure>
    <system-out><![CDATA[
@Release @SAJIM
Scenario: Verify  Login Page fields            # src/test/resources/features/UI/Login/Login.feature:4

@Release @SAJIM
Scenario: Verify Electronics Category views   # src/test/resources/features/UI/Login/Login.feature:21

@Release @RAZIB
Scenario: Verify Property Category views   # src/test/resources/features/UI/Login/Login.feature:33

@Release @SAJIM
Scenario: Verify Mobile Category views   # src/test/resources/features/UI/Login/Login.feature:15

@Release @RAZIB
Scenario: Verify woman fashion Category views   # src/test/resources/features/UI/Login/Login.feature:61

@Release @RAZIB
Scenario: Verify Vehicles Category views   # src/test/resources/features/UI/Login/Login.feature:27

@Release @SAJIM
Scenario: Verify pets and animal Category views   # src/test/resources/features/UI/Login/Login.feature:55

@Release @SAJIM
Scenario: Verify home and living Category views   # src/test/resources/features/UI/Login/Login.feature:49

@Release @RAZIB
Scenario: Verify man fashion Category views   # src/test/resources/features/UI/Login/Login.feature:67

@Release @RAZIB
Scenario: Verify Property Category views   # src/test/resources/features/UI/Login/Login.feature:40
Its From RemoteDriver Options http://localhost:4444/wd/hub Its From RemoteDriver Options http://localhost:4444/wd/hub Initializing WebDriver with IP: http://localhost:4444/wd/hub
Initializing WebDriver with IP: http://localhost:4444/wd/hub
Its From RemoteDriver Options http://localhost:4444/wd/hub Initializing WebDriver with IP: http://localhost:4444/wd/hub
Its From RemoteDriver Options http://localhost:4444/wd/hub Initializing WebDriver with IP: http://localhost:4444/wd/hub
Its From RemoteDriver Options http://localhost:4444/wd/hub Initializing WebDriver with IP: http://localhost:4444/wd/hub
Its From RemoteDriver Options http://localhost:4444/wd/hub Its From RemoteDriver Options http://localhost:4444/wd/hub Its From RemoteDriver Options http://localhost:4444/wd/hub Initializing WebDriver with IP: http://localhost:4444/wd/hub
Initializing WebDriver with IP: http://localhost:4444/wd/hub
Initializing WebDriver with IP: http://localhost:4444/wd/hub
Its From RemoteDriver Options http://localhost:4444/wd/hub Its From RemoteDriver Options http://localhost:4444/wd/hub Initializing WebDriver with IP: http://localhost:4444/wd/hub
Initializing WebDriver with IP: http://localhost:4444/wd/hub
      java.lang.NullPointerException: Cannot invoke "String.equalsIgnoreCase(String)" because "browserName" is null
	at com.bikroy.testbase.TestBase.initializeDriver(TestBase.java:36)
	at com.bikroy.testbase.TestContextSetup.initializeDriver(TestContextSetup.java:21)
	at com.bikroy.stepdefinitions.Hooks.BeforeScenario(Hooks.java:31)

      java.lang.NullPointerException: Cannot invoke "String.equalsIgnoreCase(String)" because "browserName" is null
	at com.bikroy.testbase.TestBase.initializeDriver(TestBase.java:36)
	at com.bikroy.testbase.TestContextSetup.initializeDriver(TestContextSetup.java:21)
	at com.bikroy.stepdefinitions.Hooks.BeforeScenario(Hooks.java:31)

Its From Chrome Options http://localhost:4444/wd/hub Its From Chrome Options http://localhost:4444/wd/hub Its From Chrome Options http://localhost:4444/wd/hub Its From Chrome Options http://localhost:4444/wd/hub Its From Chrome Options http://localhost:4444/wd/hub Its From Chrome Options http://localhost:4444/wd/hub Its From Chrome Options http://localhost:4444/wd/hub Its From Chrome Options http://localhost:4444/wd/hub   Given I should see the woman fashion category # com.bikroy.stepdefinitions.LoginSteps.Ishouldseethewomanfashioncategory()
  Given I should see the man fashion category # com.bikroy.stepdefinitions.LoginSteps.Ishouldseethemanfashioncategory()
  Then I should Click on woman fashion Category # com.bikroy.stepdefinitions.LoginSteps.IshouldClickonwomanfashionCategory()
  Then I should Click on man fashion Category # com.bikroy.stepdefinitions.LoginSteps.IshouldClickonmanfashionCategory()
  And I should See man fashion product        # com.bikroy.stepdefinitions.LoginSteps.IshouldSeemanfashionproduct()
  And I should See woman fashion product        # com.bikroy.stepdefinitions.LoginSteps.IshouldSeewomanfashionproduct()
]]></system-out>
    <system-err><![CDATA[Oct 30, 2024 12:41:24 PM org.openqa.selenium.remote.tracing.opentelemetry.OpenTelemetryTracer createTracer
INFO: Using OpenTelemetry for tracing
]]></system-err>
  </testcase>
  <testcase name="runScenario[&quot;Verify woman fashion Category views&quot;, &quot;Optional[Verify User Login page fields.]&quot;](2)" classname="com.bikroy.TestRunner.TestRunner" time="1.332">
    <failure message="Cannot invoke &quot;String.equalsIgnoreCase(String)&quot; because &quot;browserName&quot; is null" type="java.lang.NullPointerException"><![CDATA[java.lang.NullPointerException: Cannot invoke "String.equalsIgnoreCase(String)" because "browserName" is null
]]></failure>
  </testcase>
  <testcase name="runScenario[&quot;Verify Vehicles Category views&quot;, &quot;Optional[Verify User Login page fields.]&quot;](3)" classname="com.bikroy.TestRunner.TestRunner" time="60.499">
    <system-out><![CDATA[
@Release @SAJIM
Scenario: Verify business and industry Category views   # src/test/resources/features/UI/Login/Login.feature:83

@Release @RAZIB
Its From RemoteDriver Options http://localhost:4444/wd/hub Scenario: Verify hobbies sports and kids Category views   # src/test/resources/features/UI/Login/Login.feature:74
Initializing WebDriver with IP: http://localhost:4444/wd/hub
Its From Chrome Options http://localhost:4444/wd/hub Its From RemoteDriver Options http://localhost:4444/wd/hub Initializing WebDriver with IP: http://localhost:4444/wd/hub
Its From Chrome Options http://localhost:4444/wd/hub https://bikroy.com/en
https://bikroy.com/en
https://bikroy.com/en
2024-10-30 12:42:02 [TestNG-PoolService-7] INFO  com.bikroy.stepdefinitions.LoginSteps - pets and animal Category displayed
  Given I should see the pets and animal category # com.bikroy.stepdefinitions.LoginSteps.Ishouldseethepetsandanimalcategory()
2024-10-30 12:42:03 [TestNG-PoolService-3] INFO  com.bikroy.stepdefinitions.LoginSteps - Vehicles Category displayed
  Given I should see the Vehicles category # com.bikroy.stepdefinitions.LoginSteps.iShouldSeeTheVehiclesCategory()
https://bikroy.com/en
https://bikroy.com/en
2024-10-30 12:42:07 [TestNG-PoolService-8] INFO  com.bikroy.stepdefinitions.LoginSteps - home and living Category displayed
  Given I should see the business and industry category # com.bikroy.stepdefinitions.LoginSteps.Ishouldseethebusinessandindustrycategory()
2024-10-30 12:42:09 [TestNG-PoolService-1] INFO  com.bikroy.stepdefinitions.LoginSteps - Mobile Category displayed
  Given I should see the Mobile category # com.bikroy.stepdefinitions.LoginSteps.iShouldSeeTheMobileCategory()
  Then I should Click on Vehicles Category # com.bikroy.stepdefinitions.LoginSteps.iShouldClickOnVehiclesCategory()
https://bikroy.com/en
2024-10-30 12:42:20 [TestNG-PoolService-9] INFO  com.bikroy.stepdefinitions.LoginSteps - home and living Category displayed
  Given I should see the hobbies sports and kids category # com.bikroy.stepdefinitions.LoginSteps.Ishouldseethehobbiessportsandkidscategory()
https://bikroy.com/en
2024-10-30 12:42:22 [TestNG-PoolService-3] INFO  com.bikroy.stepdefinitions.LoginSteps - Vehicles product displayed
  And I should See Vehicles product        # com.bikroy.stepdefinitions.LoginSteps.iShouldSeeVehiclesProduct()
2024-10-30 12:42:23 [TestNG-PoolService-5] INFO  com.bikroy.stepdefinitions.LoginSteps - Property Category displayed
  Given I should see the Property category # com.bikroy.stepdefinitions.LoginSteps.iShouldSeeThePropertyCategory()
  Then I should Click on business and industry Category # com.bikroy.stepdefinitions.LoginSteps.IshouldClickonbusinessandindustryCategory()
]]></system-out>
    <system-err><![CDATA[Oct 30, 2024 12:41:42 PM org.openqa.selenium.remote.ProtocolHandshake createSession
INFO: Detected dialect: W3C
Oct 30, 2024 12:41:44 PM org.openqa.selenium.remote.ProtocolHandshake createSession
INFO: Detected dialect: W3C
Oct 30, 2024 12:41:44 PM org.openqa.selenium.remote.ProtocolHandshake createSession
INFO: Detected dialect: W3C
Oct 30, 2024 12:41:52 PM org.openqa.selenium.remote.ProtocolHandshake createSession
INFO: Detected dialect: W3C
Oct 30, 2024 12:41:53 PM org.openqa.selenium.remote.ProtocolHandshake createSession
INFO: Detected dialect: W3C
Oct 30, 2024 12:41:55 PM org.openqa.selenium.remote.ProtocolHandshake createSession
INFO: Detected dialect: W3C
Oct 30, 2024 12:41:57 PM org.openqa.selenium.remote.ProtocolHandshake createSession
INFO: Detected dialect: W3C
Oct 30, 2024 12:42:00 PM org.openqa.selenium.remote.ProtocolHandshake createSession
INFO: Detected dialect: W3C
]]></system-err>
  </testcase>
  <testcase name="runScenario[&quot;Verify business and industry Category views&quot;, &quot;Optional[Verify User Login page fields.]&quot;](4)" classname="com.bikroy.TestRunner.TestRunner" time="6.059">
    <system-out><![CDATA[
@Release @SAJIM
Scenario: Verify education Category views   # src/test/resources/features/UI/Login/Login.feature:89
Its From RemoteDriver Options http://localhost:4444/wd/hub Initializing WebDriver with IP: http://localhost:4444/wd/hub
Its From Chrome Options http://localhost:4444/wd/hub 2024-10-30 12:42:28 [TestNG-PoolService-8] INFO  com.bikroy.stepdefinitions.LoginSteps - Property product displayed
  And I should See business and industry product        # com.bikroy.stepdefinitions.LoginSteps.IshouldSeebusinessandindustryproduct()
]]></system-out>
    <system-err><![CDATA[Oct 30, 2024 12:42:26 PM org.openqa.selenium.remote.ProtocolHandshake createSession
INFO: Detected dialect: W3C
]]></system-err>
  </testcase>
  <testcase name="runScenario[&quot;Verify pets and animal Category views&quot;, &quot;Optional[Verify User Login page fields.]&quot;](5)" classname="com.bikroy.TestRunner.TestRunner" time="29.428">
    <system-out><![CDATA[2024-10-30 12:42:32 [TestNG-PoolService-4] INFO  com.bikroy.stepdefinitions.LoginSteps - Property Category displayed
  Given I should see the Property category # com.bikroy.stepdefinitions.LoginSteps.iShouldSeeThePropertyCategory()
https://bikroy.com/en
2024-10-30 12:42:43 [TestNG-PoolService-2] INFO  com.bikroy.stepdefinitions.LoginSteps - Electronics Category displayed
  Given I should see the Electronics category # com.bikroy.stepdefinitions.LoginSteps.iShouldSeeTheElectronicsCategory()
  Then I should Click on pets and animal Category # com.bikroy.stepdefinitions.LoginSteps.IshouldClickonpetsandanimalCategory()
2024-10-30 12:42:54 [TestNG-PoolService-7] INFO  com.bikroy.stepdefinitions.LoginSteps - pets and animal displayed
  And I should See pets and animal product        # com.bikroy.stepdefinitions.LoginSteps.IshouldSeepetsandanimalproduct()
]]></system-out>
    <system-err><![CDATA[Oct 30, 2024 12:42:33 PM org.openqa.selenium.remote.ProtocolHandshake createSession
INFO: Detected dialect: W3C
]]></system-err>
  </testcase>
  <testcase name="runScenario[&quot;Verify Mobile Category views&quot;, &quot;Optional[Verify User Login page fields.]&quot;](6)" classname="com.bikroy.TestRunner.TestRunner" time="37.903">
    <system-out><![CDATA[  Then I should Click on Mobile Category # com.bikroy.stepdefinitions.LoginSteps.iShouldClickOnMobileCategory()
https://bikroy.com/en
2024-10-30 12:42:58 [TestNG-PoolService-6] INFO  com.bikroy.stepdefinitions.LoginSteps - home and living Category displayed
  Given I should see the home and living category # com.bikroy.stepdefinitions.LoginSteps.Ishouldseethehomeandlivingcategory()
https://bikroy.com/en
2024-10-30 12:42:59 [TestNG-PoolService-1] INFO  com.bikroy.stepdefinitions.LoginSteps - Mobile product displayed
  And I should See Mobile product        # com.bikroy.stepdefinitions.LoginSteps.iShouldSeeMobileProduct()
2024-10-30 12:43:00 [TestNG-PoolService-3] INFO  com.bikroy.stepdefinitions.LoginSteps - home and living Category displayed
  Given I should see the education category # com.bikroy.stepdefinitions.LoginSteps.Ishouldseetheeducationcategory()
  Then I should Click on hobbies sports and kids Category # com.bikroy.stepdefinitions.LoginSteps.IshouldClickonhobbiessportsandkidsCategory()
  Then I should Click on Property Category # com.bikroy.stepdefinitions.LoginSteps.iShouldClickOnPropertyCategory()
]]></system-out>
    <system-err><![CDATA[Oct 30, 2024 12:42:56 PM org.openqa.selenium.remote.ProtocolHandshake createSession
INFO: Detected dialect: W3C
]]></system-err>
  </testcase>
  <testcase name="runScenario[&quot;Verify hobbies sports and kids Category views&quot;, &quot;Optional[Verify User Login page fields.]&quot;](7)" classname="com.bikroy.TestRunner.TestRunner" time="40.031">
    <system-out><![CDATA[2024-10-30 12:43:05 [TestNG-PoolService-9] INFO  com.bikroy.stepdefinitions.LoginSteps - Property product displayed
  And I should See hobbies sports and kids product        # com.bikroy.stepdefinitions.LoginSteps.IshouldSeehobbiessportsandkidsproduct()
]]></system-out>
  </testcase>
  <testcase name="runScenario[&quot;Verify Property Category views&quot;, &quot;Optional[Verify User Login page fields.]&quot;](8)" classname="com.bikroy.TestRunner.TestRunner" time="41.136">
    <system-out><![CDATA[2024-10-30 12:43:06 [TestNG-PoolService-5] INFO  com.bikroy.stepdefinitions.LoginSteps - Property product displayed
  And I should See Property product        # com.bikroy.stepdefinitions.LoginSteps.iShouldSeePropertyProduct()
]]></system-out>
  </testcase>
  <testcase name="runScenario[&quot;Verify Property Category views&quot;, &quot;Optional[Verify User Login page fields.]&quot;](9)" classname="com.bikroy.TestRunner.TestRunner" time="50.86">
    <system-out><![CDATA[  Then I should Click on Property Category # com.bikroy.stepdefinitions.LoginSteps.iShouldClickOnPropertyCategory()
2024-10-30 12:43:15 [TestNG-PoolService-4] INFO  com.bikroy.stepdefinitions.LoginSteps - Property product displayed
  And I should See Property product        # com.bikroy.stepdefinitions.LoginSteps.iShouldSeePropertyProduct()
]]></system-out>
  </testcase>
  <testcase name="runScenario[&quot;Verify Electronics Category views&quot;, &quot;Optional[Verify User Login page fields.]&quot;](10)" classname="com.bikroy.TestRunner.TestRunner" time="59.784">
    <system-out><![CDATA[https://bikroy.com/en
2024-10-30 12:43:19 [TestNG-PoolService-0] INFO  com.bikroy.stepdefinitions.LoginSteps - Company Logo displayed
  Given I should see the login logo            # com.bikroy.stepdefinitions.LoginSteps.iShouldSeeTheLoginLogo()
  Then I should Click on Electronics Category # com.bikroy.stepdefinitions.LoginSteps.iShouldClickOnElectronicsCategory()
  Then I should click on login logo            # com.bikroy.stepdefinitions.LoginSteps.iShouldClickOnLoginLogo()
2024-10-30 12:43:24 [TestNG-PoolService-2] INFO  com.bikroy.stepdefinitions.LoginSteps - Electronics product displayed
  And I should See Electronics product        # com.bikroy.stepdefinitions.LoginSteps.iShouldSeeElectronicsProduct()
]]></system-out>
  </testcase>
  <testcase name="runScenario[&quot;Verify education Category views&quot;, &quot;Optional[Verify User Login page fields.]&quot;](11)" classname="com.bikroy.TestRunner.TestRunner" time="65.176">
    <system-out><![CDATA[2024-10-30 12:43:26 [TestNG-PoolService-0] INFO  com.bikroy.stepdefinitions.LoginSteps - email login displayed
  And I should see the email login options     # com.bikroy.stepdefinitions.LoginSteps.iShouldSeeTheEmailLoginOptions()
  Then I should Click on education Category # com.bikroy.stepdefinitions.LoginSteps.IshouldClickoneducationCategory()
  Then I should click on Email login options   # com.bikroy.stepdefinitions.LoginSteps.iShouldClickOnEmailLoginOptions()
2024-10-30 12:43:30 [TestNG-PoolService-3] INFO  com.bikroy.stepdefinitions.LoginSteps - Property product displayed
  And I should See education product        # com.bikroy.stepdefinitions.LoginSteps.IshouldSeeeducationproduct()
]]></system-out>
  </testcase>
  <testcase name="runScenario[&quot;Verify home and living Category views&quot;, &quot;Optional[Verify User Login page fields.]&quot;](12)" classname="com.bikroy.TestRunner.TestRunner" time="69.727">
    <system-out><![CDATA[  Then I should Click on home and living Category # com.bikroy.stepdefinitions.LoginSteps.IshouldClickonhomeandlivingCategory()
2024-10-30 12:43:32 [TestNG-PoolService-0] INFO  com.bikroy.stepdefinitions.LoginSteps - username field displayed
  And I should see Username field on this page # com.bikroy.stepdefinitions.LoginSteps.iShouldSeeUsernameFieldOnThisPage()
  When I should Input my Username              # com.bikroy.stepdefinitions.LoginSteps.iShouldInputMyUsername()
2024-10-30 12:43:34 [TestNG-PoolService-6] INFO  com.bikroy.stepdefinitions.LoginSteps - home and living product displayed
  And I should See home and living product        # com.bikroy.stepdefinitions.LoginSteps.IshouldSeehomeandlivingproduct()
]]></system-out>
  </testcase>
  <testcase name="runScenario[&quot;Verify  Login Page fields&quot;, &quot;Optional[Verify User Login page fields.]&quot;](13)" classname="com.bikroy.TestRunner.TestRunner" time="77.087">
    <system-out><![CDATA[  And I should Input my My Password            # com.bikroy.stepdefinitions.LoginSteps.iShouldInputMyMyPassword()
  Then I should Click on Login Button          # com.bikroy.stepdefinitions.LoginSteps.iShouldClickOnLoginButton()
]]></system-out>
  </testcase>
</testsuite>